mode: atomic
github.com/fylerx/fyler/internal/projects/repo.go:22.39,24.2 1 1
github.com/fylerx/fyler/internal/projects/repo.go:26.56,29.16 3 2
github.com/fylerx/fyler/internal/projects/repo.go:33.2,33.22 1 1
github.com/fylerx/fyler/internal/projects/repo.go:29.16,31.3 1 1
github.com/fylerx/fyler/internal/projects/repo.go:36.64,39.16 3 4
github.com/fylerx/fyler/internal/projects/repo.go:42.2,42.21 1 3
github.com/fylerx/fyler/internal/projects/repo.go:39.16,41.3 1 1
github.com/fylerx/fyler/internal/projects/repo.go:45.73,48.16 3 2
github.com/fylerx/fyler/internal/projects/repo.go:51.2,51.21 1 1
github.com/fylerx/fyler/internal/projects/repo.go:48.16,50.3 1 1
github.com/fylerx/fyler/internal/projects/repo.go:54.70,57.16 3 2
github.com/fylerx/fyler/internal/projects/repo.go:61.2,61.21 1 1
github.com/fylerx/fyler/internal/projects/repo.go:57.16,59.3 1 1
github.com/fylerx/fyler/internal/projects/repo.go:64.72,66.16 2 2
github.com/fylerx/fyler/internal/projects/repo.go:70.2,71.16 2 2
github.com/fylerx/fyler/internal/projects/repo.go:75.2,75.18 1 1
github.com/fylerx/fyler/internal/projects/repo.go:66.16,68.3 1 0
github.com/fylerx/fyler/internal/projects/repo.go:71.16,73.3 1 1
github.com/fylerx/fyler/internal/projects/repo.go:78.59,80.16 2 2
github.com/fylerx/fyler/internal/projects/repo.go:84.2,84.18 1 1
github.com/fylerx/fyler/internal/projects/repo.go:80.16,82.3 1 1
github.com/fylerx/fyler/internal/tasks/repo.go:15.39,17.2 1 1
github.com/fylerx/fyler/internal/tasks/repo.go:19.50,22.16 3 2
github.com/fylerx/fyler/internal/tasks/repo.go:26.2,26.19 1 1
github.com/fylerx/fyler/internal/tasks/repo.go:22.16,24.3 1 1
github.com/fylerx/fyler/internal/tasks/repo.go:29.58,31.16 2 2
github.com/fylerx/fyler/internal/tasks/repo.go:35.2,35.18 1 1
github.com/fylerx/fyler/internal/tasks/repo.go:31.16,33.3 1 1
